#
# A fatal error has been detected by the Java Runtime Environment:
#
#  SIGSEGV (0xb) at pc=0xb6f25a23, pid=23294, tid=1839004528
#
# JRE version: 6.0_23-b23
# Java VM: OpenJDK Server VM (20.0-b11 mixed mode linux-x86 )
# Derivative: IcedTea6 1.11pre
# Distribution: Ubuntu 11.10, package 6b23~pre11-0ubuntu1.11.10
# Problematic frame:
# V  [libjvm.so+0x4a7a23]  PhaseIdealLoop::build_loop_late_post(Node*)+0x143
#
# If you would like to submit a bug report, please include
# instructions how to reproduce the bug and visit:
#   https://bugs.launchpad.net/ubuntu/+source/openjdk-6/
#

---------------  T H R E A D  ---------------

Current thread (0x6d800800):  JavaThread "C2 CompilerThread1" daemon [_thread_in_native, id=23311, stack(0x6d94f000,0x6d9d0000)]

siginfo:si_signo=SIGSEGV: si_errno=0, si_code=1 (SEGV_MAPERR), si_addr=0x00000004

Registers:
EAX=0x00000000, EBX=0xb72e0ff4, ECX=0x6b715200, EDX=0x6bed8010
ESP=0x6d9cd930, EBP=0x6ba204e0, ESI=0x6d9ce1cc, EDI=0x6bed8010
EIP=0xb6f25a23, EFLAGS=0x00010206, CR2=0x00000004

Top of Stack: (sp=0x6d9cd930)
0x6d9cd930:   6d9ce1cc 6b312b24 6b3bcdec 6ce96198
0x6d9cd940:   6ce95af8 00000000 00000200 b72e0ff4
0x6d9cd950:   b78376c6 b783775d b72e0ff4 00002000
0x6d9cd960:   6b715234 00000000 6b3bcdec 6d9ce1dc
0x6d9cd970:   b78376c6 6d9ce48c b72e0ff4 b72e0ff4
0x6d9cd980:   6b312b24 00000176 6ccf6348 b6f25fb0
0x6d9cd990:   6d9ce1cc 6b312b24 00000040 b72e0ff4
0x6d9cd9a0:   6d9ce1cc 00000002 00000002 6d9ce47c 

Instructions: (pc=0xb6f25a23)
0xb6f25a03:   29 04 00 00 39 f8 0f 84 b5 03 00 00 8b 50 1c 89
0xb6f25a13:   44 24 30 66 90 8b be d0 02 00 00 8d 14 97 8b 02
0xb6f25a23:   8b 48 04 8b 29 85 ed 75 1f 8b 7e 14 90 8b 48 1c
0xb6f25a33:   31 c0 39 f9 73 09 8b 46 18 8b 04 88 83 e0 fe 8b 

Register to memory mapping:

EAX=0x00000000 is an unknown value
EBX=0xb72e0ff4: <offset 0x862ff4> in /usr/lib/jvm/java-6-openjdk/jre/lib/i386/server/libjvm.so at 0xb6a7e000
ECX=0x6b715200 is an unknown value
EDX=0x6bed8010 is an unknown value
ESP=0x6d9cd930 is pointing into the stack for thread: 0x6d800800
EBP=0x6ba204e0 is an unknown value
ESI=0x6d9ce1cc is pointing into the stack for thread: 0x6d800800
EDI=0x6bed8010 is an unknown value


Stack: [0x6d94f000,0x6d9d0000],  sp=0x6d9cd930,  free space=506k
Native frames: (J=compiled Java code, j=interpreted, Vv=VM code, C=native code)
V  [libjvm.so+0x4a7a23]  PhaseIdealLoop::build_loop_late_post(Node*)+0x143


Current CompileTask:
C2:4444613 498      jregex.Pretokenizer.next()V (1064 bytes)


---------------  P R O C E S S  ---------------

Java Threads: ( => current thread )
  0x6d0eb000 JavaThread "jobs-thread-1" [_thread_blocked, id=24403, stack(0x6c5af000,0x6c600000)]
  0x6ce73c00 JavaThread "net.sf.ehcache.CacheManager@17493f0" daemon [_thread_blocked, id=24402, stack(0x6c0df000,0x6c130000)]
  0x6ccb9c00 JavaThread "New I/O server worker #1-2" [_thread_in_native, id=24400, stack(0x6cf5e000,0x6cfaf000)]
  0x6ce68400 JavaThread "New I/O server worker #1-1" [_thread_in_native, id=24394, stack(0x6c17b000,0x6c1cc000)]
  0x6d478400 JavaThread "New I/O server worker #1-8" [_thread_in_native, id=24393, stack(0x6c505000,0x6c556000)]
  0x6ccbbc00 JavaThread "New I/O server worker #1-7" [_thread_in_native, id=24392, stack(0x6d147000,0x6d198000)]
  0x6ce21400 JavaThread "New I/O server worker #1-6" [_thread_in_native, id=24391, stack(0x6aa5e000,0x6aaaf000)]
  0x6c676c00 JavaThread "New I/O server worker #1-5" [_thread_in_native, id=24390, stack(0x6c1cc000,0x6c21d000)]
  0x6ce68c00 JavaThread "New I/O server worker #1-4" [_thread_in_native, id=24342, stack(0x6aa0d000,0x6aa5e000)]
  0x084e6000 JavaThread "JDWP Command Reader" daemon [_thread_in_native, id=23591, stack(0x6d198000,0x6d1e9000)]
  0x0852a000 JavaThread "play-thread-1" [_thread_in_vm, id=23317, stack(0x6d30d000,0x6d35e000)]
  0x6d8ef400 JavaThread "DestroyJavaVM" [_thread_blocked, id=23299, stack(0xb68fa000,0xb694b000)]
  0x6d4f3400 JavaThread "New I/O server boss #1 ([id: 0x003a0ab1, /0:0:0:0:0:0:0:0:9000])" [_thread_in_native, id=23315, stack(0x6d3af000,0x6d400000)]
  0x6d802400 JavaThread "Low Memory Detector" daemon [_thread_blocked, id=23312, stack(0x6d7af000,0x6d800000)]
=>0x6d800800 JavaThread "C2 CompilerThread1" daemon [_thread_in_native, id=23311, stack(0x6d94f000,0x6d9d0000)]
  0x083b2400 JavaThread "C2 CompilerThread0" daemon [_thread_blocked, id=23310, stack(0x6d9d0000,0x6da51000)]
  0x083ab800 JavaThread "JDWP Event Helper Thread" daemon [_thread_blocked, id=23309, stack(0x6da51000,0x6daa2000)]
  0x083a8c00 JavaThread "JDWP Transport Listener: dt_socket" daemon [_thread_blocked, id=23308, stack(0x6daa2000,0x6daf3000)]
  0x08389800 JavaThread "Signal Dispatcher" daemon [_thread_blocked, id=23307, stack(0x6db05000,0x6db56000)]
  0x0837a800 JavaThread "Finalizer" daemon [_thread_blocked, id=23306, stack(0x6db56000,0x6dba7000)]
  0x08375c00 JavaThread "Reference Handler" daemon [_thread_blocked, id=23305, stack(0x6dba7000,0x6dbf8000)]

Other Threads:
  0x08371c00 VMThread [stack: 0x6dbf8000,0x6dc79000] [id=23304]
  0x6d80c800 WatcherThread [stack: 0x6d72e000,0x6d7af000] [id=23313]

VM state:not at safepoint (normal execution)

VM Mutex/Monitor currently owned by a thread: None

Heap
 PSYoungGen      total 11136K, used 9263K [0x9eea0000, 0xa00e0000, 0xb33f0000)
  eden space 10496K, 82% used [0x9eea0000,0x9f711d70,0x9f8e0000)
  from space 640K, 96% used [0x9f910000,0x9f9aa270,0x9f9b0000)
  to   space 4096K, 0% used [0x9fce0000,0x9fce0000,0xa00e0000)
 PSOldGen        total 41600K, used 14860K [0x763f0000, 0x78c90000, 0x9eea0000)
  object space 41600K, 35% used [0x763f0000,0x772732d8,0x78c90000)
 PSPermGen       total 25984K, used 25860K [0x6e3f0000, 0x6fd50000, 0x763f0000)
  object space 25984K, 99% used [0x6e3f0000,0x6fd311e8,0x6fd50000)

Code Cache  [0xb34ba000, 0xb3822000, 0xb64ba000)
 total_blobs=858 nmethods=471 adapters=349 free_code_cache=47133568 largest_free_block=170560

Dynamic libraries:
08048000-08051000 r-xp 00000000 08:05 659395     /usr/lib/jvm/java-6-openjdk/jre/bin/java
08051000-08052000 r--p 00008000 08:05 659395     /usr/lib/jvm/java-6-openjdk/jre/bin/java
08052000-08053000 rw-p 00009000 08:05 659395     /usr/lib/jvm/java-6-openjdk/jre/bin/java
082bd000-09bd4000 rw-p 00000000 00:00 0          [heap]
6a700000-6a721000 rw-p 00000000 00:00 0 
6a721000-6a800000 ---p 00000000 00:00 0 
6a900000-6a9fe000 rw-p 00000000 00:00 0 
6a9fe000-6aa00000 ---p 00000000 00:00 0 
6aa0d000-6aa10000 ---p 00000000 00:00 0 
6aa10000-6aa5e000 rw-p 00000000 00:00 0 
6aa5e000-6aa61000 ---p 00000000 00:00 0 
6aa61000-6aaaf000 rw-p 00000000 00:00 0 
6aaaf000-6aab2000 ---p 00000000 00:00 0 
6aab2000-6ab00000 rw-p 00000000 00:00 0 
6ab00000-6abe4000 rw-p 00000000 00:00 0 
6abe4000-6ac00000 ---p 00000000 00:00 0 
6ac00000-6acf5000 rw-p 00000000 00:00 0 
6acf5000-6ad00000 ---p 00000000 00:00 0 
6ad00000-6adf0000 rw-p 00000000 00:00 0 
6adf0000-6ae00000 ---p 00000000 00:00 0 
6ae00000-6aef2000 rw-p 00000000 00:00 0 
6aef2000-6af00000 ---p 00000000 00:00 0 
6af00000-6aff7000 rw-p 00000000 00:00 0 
6aff7000-6b000000 ---p 00000000 00:00 0 
6b000000-6b0fb000 rw-p 00000000 00:00 0 
6b0fb000-6b100000 ---p 00000000 00:00 0 
6b100000-6b1ed000 rw-p 00000000 00:00 0 
6b1ed000-6b200000 ---p 00000000 00:00 0 
6b200000-6b2f3000 rw-p 00000000 00:00 0 
6b2f3000-6b300000 ---p 00000000 00:00 0 
6b300000-6b3dd000 rw-p 00000000 00:00 0 
6b3dd000-6b400000 ---p 00000000 00:00 0 
6b400000-6b4ed000 rw-p 00000000 00:00 0 
6b4ed000-6b500000 ---p 00000000 00:00 0 
6b500000-6b5e2000 rw-p 00000000 00:00 0 
6b5e2000-6b600000 ---p 00000000 00:00 0 
6b600000-6b6f7000 rw-p 00000000 00:00 0 
6b6f7000-6b700000 ---p 00000000 00:00 0 
6b700000-6b8fb000 rw-p 00000000 00:00 0 
6b8fb000-6b900000 ---p 00000000 00:00 0 
6b900000-6b9ff000 rw-p 00000000 00:00 0 
6b9ff000-6ba00000 ---p 00000000 00:00 0 
6ba00000-6bae1000 rw-p 00000000 00:00 0 
6bae1000-6bb00000 ---p 00000000 00:00 0 
6bb00000-6bbf2000 rw-p 00000000 00:00 0 
6bbf2000-6bc00000 ---p 00000000 00:00 0 
6bc00000-6bcf4000 rw-p 00000000 00:00 0 
6bcf4000-6bd00000 ---p 00000000 00:00 0 
6bd00000-6bee8000 rw-p 00000000 00:00 0 
6bee8000-6bf00000 ---p 00000000 00:00 0 
6bf00000-6bff9000 rw-p 00000000 00:00 0 
6bff9000-6c000000 ---p 00000000 00:00 0 
6c03d000-6c040000 ---p 00000000 00:00 0 
6c040000-6c08e000 rw-p 00000000 00:00 0 
6c08e000-6c091000 ---p 00000000 00:00 0 
6c091000-6c0df000 rw-p 00000000 00:00 0 
6c0df000-6c0e2000 ---p 00000000 00:00 0 
6c0e2000-6c130000 rw-p 00000000 00:00 0 
6c17b000-6c17e000 ---p 00000000 00:00 0 
6c17e000-6c1cc000 rw-p 00000000 00:00 0 
6c1cc000-6c1cf000 ---p 00000000 00:00 0 
6c1cf000-6c21d000 rw-p 00000000 00:00 0 
6c21d000-6c220000 ---p 00000000 00:00 0 
6c220000-6c26e000 rw-p 00000000 00:00 0 
6c26e000-6c271000 ---p 00000000 00:00 0 
6c271000-6c2bf000 rw-p 00000000 00:00 0 
6c2bf000-6c3fb000 r-xp 00000000 08:05 658912     /usr/lib/i386-linux-gnu/libnss3.so
6c3fb000-6c3fe000 r--p 0013b000 08:05 658912     /usr/lib/i386-linux-gnu/libnss3.so
6c3fe000-6c400000 rw-p 0013e000 08:05 658912     /usr/lib/i386-linux-gnu/libnss3.so
6c400000-6c4f9000 rw-p 00000000 00:00 0 
6c4f9000-6c500000 ---p 00000000 00:00 0 
6c505000-6c508000 ---p 00000000 00:00 0 
6c508000-6c556000 rw-p 00000000 00:00 0 
6c556000-6c5a9000 r-xp 00000000 08:05 1050182    /usr/lib/i386-linux-gnu/nss/libfreebl3.so
6c5a9000-6c5aa000 r--p 00052000 08:05 1050182    /usr/lib/i386-linux-gnu/nss/libfreebl3.so
6c5aa000-6c5ab000 rw-p 00053000 08:05 1050182    /usr/lib/i386-linux-gnu/nss/libfreebl3.so
6c5ab000-6c5af000 rw-p 00000000 00:00 0 
6c5af000-6c5b2000 ---p 00000000 00:00 0 
6c5b2000-6c600000 rw-p 00000000 00:00 0 
6c600000-6c6fe000 rw-p 00000000 00:00 0 
6c6fe000-6c700000 ---p 00000000 00:00 0 
6c700000-6c7fa000 rw-p 00000000 00:00 0 
6c7fa000-6c800000 ---p 00000000 00:00 0 
6c800000-6c8e8000 rw-p 00000000 00:00 0 
6c8e8000-6c900000 ---p 00000000 00:00 0 
6c900000-6c9fa000 rw-p 00000000 00:00 0 
6c9fa000-6ca00000 ---p 00000000 00:00 0 
6ca00000-6caf8000 rw-p 00000000 00:00 0 
6caf8000-6cb00000 ---p 00000000 00:00 0 
6cb05000-6cb18000 r-xp 00000000 08:05 921650     /lib/i386-linux-gnu/libresolv-2.13.so
6cb18000-6cb19000 r--p 00012000 08:05 921650     /lib/i386-linux-gnu/libresolv-2.13.so
6cb19000-6cb1a000 rw-p 00013000 08:05 921650     /lib/i386-linux-gnu/libresolv-2.13.so
6cb1a000-6cb1c000 rw-p 00000000 00:00 0 
6cb1c000-6cbba000 r-xp 00000000 08:05 671269     /usr/lib/i386-linux-gnu/libsqlite3.so.0.8.6
6cbba000-6cbbb000 ---p 0009e000 08:05 671269     /usr/lib/i386-linux-gnu/libsqlite3.so.0.8.6
6cbbb000-6cbbc000 r--p 0009e000 08:05 671269     /usr/lib/i386-linux-gnu/libsqlite3.so.0.8.6
6cbbc000-6cbbd000 rw-p 0009f000 08:05 671269     /usr/lib/i386-linux-gnu/libsqlite3.so.0.8.6
6cbbd000-6cbbe000 rw-p 00000000 00:00 0 
6cbbe000-6cbfe000 r-xp 00000000 08:05 1050183    /usr/lib/i386-linux-gnu/nss/libsoftokn3.so
6cbfe000-6cbff000 r--p 0003f000 08:05 1050183    /usr/lib/i386-linux-gnu/nss/libsoftokn3.so
6cbff000-6cc00000 rw-p 00040000 08:05 1050183    /usr/lib/i386-linux-gnu/nss/libsoftokn3.so
6cc00000-6ccfd000 rw-p 00000000 00:00 0 
6ccfd000-6cd00000 ---p 00000000 00:00 0 
6cd00000-6ce00000 rw-p 00000000 00:00 0 
6ce00000-6cefd000 rw-p 00000000 00:00 0 
6cefd000-6cf00000 ---p 00000000 00:00 0 
6cf0d000-6cf10000 ---p 00000000 00:00 0 
6cf10000-6cf5e000 rw-p 00000000 00:00 0 
6cf5e000-6cf61000 ---p 00000000 00:00 0 
6cf61000-6cfaf000 rw-p 00000000 00:00 0 
6cfaf000-6cfb2000 ---p 00000000 00:00 0 
6cfb2000-6d000000 rw-p 00000000 00:00 0 
6d000000-6d0f2000 rw-p 00000000 00:00 0 
6d0f2000-6d100000 ---p 00000000 00:00 0 
6d104000-6d109000 r-xp 00000000 08:05 921637     /lib/i386-linux-gnu/libnss_dns-2.13.so
6d109000-6d10a000 r--p 00004000 08:05 921637     /lib/i386-linux-gnu/libnss_dns-2.13.so
6d10a000-6d10b000 rw-p 00005000 08:05 921637     /lib/i386-linux-gnu/libnss_dns-2.13.so
6d10b000-6d142000 r-xp 00000000 08:05 661755     /usr/lib/i386-linux-gnu/libnspr4.so
6d142000-6d143000 ---p 00037000 08:05 661755     /usr/lib/i386-linux-gnu/libnspr4.so
6d143000-6d144000 r--p 00037000 08:05 661755     /usr/lib/i386-linux-gnu/libnspr4.so
6d144000-6d145000 rw-p 00038000 08:05 661755     /usr/lib/i386-linux-gnu/libnspr4.so
6d145000-6d147000 rw-p 00000000 00:00 0 
6d147000-6d14a000 ---p 00000000 00:00 0 
6d14a000-6d198000 rw-p 00000000 00:00 0 
6d198000-6d19b000 ---p 00000000 00:00 0 
6d19b000-6d1e9000 rw-p 00000000 00:00 0 
6d1e9000-6d1fe000 r-xp 00000000 08:05 663829     /usr/lib/jvm/java-6-openjdk/jre/lib/i386/libnet.so
6d1fe000-6d1ff000 r--p 00014000 08:05 663829     /usr/lib/jvm/java-6-openjdk/jre/lib/i386/libnet.so
6d1ff000-6d200000 rw-p 00015000 08:05 663829     /usr/lib/jvm/java-6-openjdk/jre/lib/i386/libnet.so
6d200000-6d300000 rw-p 00000000 00:00 0 
6d302000-6d305000 r-xp 00000000 08:05 661761     /usr/lib/i386-linux-gnu/libplds4.so
6d305000-6d306000 r--p 00002000 08:05 661761     /usr/lib/i386-linux-gnu/libplds4.so
6d306000-6d307000 rw-p 00003000 08:05 661761     /usr/lib/i386-linux-gnu/libplds4.so
6d307000-6d30b000 r-xp 00000000 08:05 661758     /usr/lib/i386-linux-gnu/libplc4.so
6d30b000-6d30c000 r--p 00003000 08:05 661758     /usr/lib/i386-linux-gnu/libplc4.so
6d30c000-6d30d000 rw-p 00004000 08:05 661758     /usr/lib/i386-linux-gnu/libplc4.so
6d30d000-6d310000 ---p 00000000 00:00 0 
6d310000-6d35e000 rw-p 00000000 00:00 0 
6d35e000-6d361000 ---p 00000000 00:00 0 
6d361000-6d3af000 rw-p 00000000 00:00 0 
6d3af000-6d3b2000 ---p 00000000 00:00 0 
6d3b2000-6d400000 rw-p 00000000 00:00 0 
6d400000-6d4f9000 rw-p 00000000 00:00 0 
6d4f9000-6d500000 ---p 00000000 00:00 0 
6d500000-6d502000 r-xp 00000000 08:05 787370     /lib/libnss_mdns4_minimal.so.2
6d502000-6d503000 r--p 00001000 08:05 787370     /lib/libnss_mdns4_minimal.so.2
6d503000-6d504000 rw-p 00002000 08:05 787370     /lib/libnss_mdns4_minimal.so.2
6d504000-6d51b000 r-xp 00000000 08:05 657471     /usr/lib/i386-linux-gnu/libnssutil3.so
6d51b000-6d51e000 r--p 00016000 08:05 657471     /usr/lib/i386-linux-gnu/libnssutil3.so
6d51e000-6d51f000 rw-p 00019000 08:05 657471     /usr/lib/i386-linux-gnu/libnssutil3.so
6d52e000-6d535000 r--s 000fb000 08:05 663790     /usr/lib/jvm/java-6-openjdk/jre/lib/resources.jar
6d535000-6d544000 r-xp 00000000 08:05 661008     /usr/lib/jvm/java-6-openjdk/jre/lib/i386/libj2pkcs11.so
6d544000-6d545000 r--p 0000e000 08:05 661008     /usr/lib/jvm/java-6-openjdk/jre/lib/i386/libj2pkcs11.so
6d545000-6d546000 rw-p 0000f000 08:05 661008     /usr/lib/jvm/java-6-openjdk/jre/lib/i386/libj2pkcs11.so
6d546000-6d54a000 r--s 00038000 08:05 663775     /usr/lib/jvm/java-6-openjdk/jre/lib/ext/sunpkcs11.jar
6d54a000-6d552000 r-xp 00000000 08:05 663793     /usr/lib/jvm/java-6-openjdk/jre/lib/i386/libnio.so
6d552000-6d553000 r--p 00007000 08:05 663793     /usr/lib/jvm/java-6-openjdk/jre/lib/i386/libnio.so
6d553000-6d554000 rw-p 00008000 08:05 663793     /usr/lib/jvm/java-6-openjdk/jre/lib/i386/libnio.so
6d554000-6d55b000 r--s 0006a000 00:15 4989973    /home/himurafred/application_mobile/play/framework/lib/mail-1.4.3.jar
6d55b000-6d55d000 r--s 00005000 00:15 4989981    /home/himurafred/application_mobile/play/framework/lib/slf4j-api-1.6.1.jar
6d55d000-6d563000 r--s 00067000 00:15 4989927    /home/himurafred/application_mobile/play/framework/lib/antlr-2.7.6.jar
6d563000-6d565000 r--s 0000d000 00:15 4989941    /home/himurafred/application_mobile/play/framework/lib/commons-logging-1.1.1.jar
6d565000-6d567000 r--s 00015000 00:15 4989967    /home/himurafred/application_mobile/play/framework/lib/jregex-1.2_01.jar
6d567000-6d572000 r--s 0008b000 00:15 4989931    /home/himurafred/application_mobile/play/framework/lib/c3p0-0.9.1.2.jar
6d572000-6d57c000 r--s 0006f000 00:15 4989943    /home/himurafred/application_mobile/play/framework/lib/ehcache-core-2.0.0.jar
6d57c000-6d57e000 r--s 00002000 00:15 4989969    /home/himurafred/application_mobile/play/framework/lib/jta-1.1.jar
6d57e000-6d584000 r--s 00034000 00:15 4989970    /home/himurafred/application_mobile/play/framework/lib/junit-4.8.1.jar
6d584000-6d588000 r--s 00027000 00:15 4989947    /home/himurafred/application_mobile/play/framework/lib/gson-1.7.1.jar
6d588000-6d58e000 r--s 0007e000 00:15 4989979    /home/himurafred/application_mobile/play/framework/lib/postgresql-9.0.jar
6d58e000-6d593000 r--s 00020000 00:15 4989962    /home/himurafred/application_mobile/play/framework/lib/jj-imaging.jar
6d593000-6d598000 r--s 00041000 00:15 4989940    /home/himurafred/application_mobile/play/framework/lib/commons-lang-2.6.jar
6d598000-6d599000 r--s 00000000 00:15 4989960    /home/himurafred/application_mobile/play/framework/lib/javax.inject-1.0.jar
6d599000-6d59f000 r--s 00049000 00:15 4989932    /home/himurafred/application_mobile/play/framework/lib/cglib-nodep-2.2.jar
6d59f000-6d5c9000 r--s 00427000 00:15 4989977    /home/himurafred/application_mobile/play/framework/lib/org.eclipse.jdt.core-3.8.0.v_C03.jar
6d5c9000-6d5cb000 r--s 00015000 00:15 4989963    /home/himurafred/application_mobile/play/framework/lib/jj-simplecaptcha.jar
6d5cb000-6d5d2000 r--s 000b7000 00:15 4989975    /home/himurafred/application_mobile/play/framework/lib/mysql-connector-java-5.1.13.jar
6d5d2000-6d5d8000 r--s 00040000 00:15 4989974    /home/himurafred/application_mobile/play/framework/lib/memcached-2.6.jar
6d5d8000-6d5d9000 r--s 00007000 00:15 4989936    /home/himurafred/application_mobile/play/framework/lib/commons-email-1.2.jar
6d5d9000-6d5e7000 r--s 0007f000 00:15 4989935    /home/himurafred/application_mobile/play/framework/lib/commons-collections-3.2.1.jar
6d5e7000-6d5f2000 r--s 00124000 00:15 4989948    /home/himurafred/application_mobile/play/framework/lib/h2-1.3.149.jar
6d5f2000-6d5f8000 r--s 00038000 00:15 4989983    /home/himurafred/application_mobile/play/framework/lib/snakeyaml-1.7.jar
6d5f8000-6d5fd000 r--s 0002e000 00:15 4989928    /home/himurafred/application_mobile/play/framework/lib/asm-all-3.3.1.jar
6d5fd000-6d600000 r--s 00011000 00:15 4989944    /home/himurafred/application_mobile/play/framework/lib/ezmorph-1.0.3.jar
6d600000-6d605000 r--s 00034000 00:15 4989933    /home/himurafred/application_mobile/play/framework/lib/commons-beanutils-1.8.3.jar
6d605000-6d614000 r--s 000d9000 00:15 4989957    /home/himurafred/application_mobile/play/framework/lib/ivy-2.2.0.jar
6d614000-6d624000 r--s 000b2000 00:15 4989976    /home/himurafred/application_mobile/play/framework/lib/netty-3.2.5.Final.jar
6d624000-6d626000 r--s 0000d000 00:15 4989934    /home/himurafred/application_mobile/play/framework/lib/commons-codec-1.4.jar
6d626000-6d62d000 r--s 00038000 00:15 4989965    /home/himurafred/application_mobile/play/framework/lib/jj-wikitext.jar
6d62d000-6d635000 r--s 0008a000 00:15 4989959    /home/himurafred/application_mobile/play/framework/lib/javassist-3.9.0.GA.jar
6d635000-6d63a000 r--s 00048000 00:15 4989942    /home/himurafred/application_mobile/play/framework/lib/dom4j-1.6.1.jar
6d63a000-6d641000 r--s 0004d000 00:15 4989929    /home/himurafred/application_mobile/play/framework/lib/async-http-client-1.6.5.jar
6d641000-6d64a000 r--s 0005d000 00:15 4989954    /home/himurafred/application_mobile/play/framework/lib/hibernate-entitymanager-3.6.0.Final.jar
6d64a000-6d66f000 r--s 00172000 00:15 4989930    /home/himurafred/application_mobile/play/framework/lib/bcprov-jdk15-1.45.jar
6d66f000-6d671000 r--s 00008000 00:15 4989980    /home/himurafred/application_mobile/play/framework/lib/signpost-core-1.2.jar
6d671000-6d673000 r--s 0000c000 00:15 4989926    /home/himurafred/application_mobile/play/framework/lib/activation-1.1.1.jar
6d673000-6d67c000 r--s 0006d000 00:15 4989972    /home/himurafred/application_mobile/play/framework/lib/log4j-1.2.16.jar
6d67c000-6d67f000 r--s 0000f000 00:15 4989950    /home/himurafred/application_mobile/play/framework/lib/hibernate-commons-annotations-3.2.0.Final.jar
6d67f000-6d684000 r--s 00014000 00:15 4989956    /home/himurafred/application_mobile/play/framework/lib/hibernate-jpa-2.0-api-1.0.0.Final.jar
6d684000-6d68f000 r--s 0005a000 00:15 4989984    /home/himurafred/application_mobile/play/framework/lib/xstream-1.3.jar
6d68f000-6d691000 r--s 00001000 00:15 4989968    /home/himurafred/application_mobile/play/framework/lib/jsr107cache-1.0.jar
6d691000-6d697000 r--s 00032000 00:15 4989961    /home/himurafred/application_mobile/play/framework/lib/jaxen-1.1.jar
6d697000-6d6a6000 r--s 0007c000 00:15 4989966    /home/himurafred/application_mobile/play/framework/lib/joda-time-2.0.jar
6d6a6000-6d6a8000 r--s 0000e000 00:15 4989939    /home/himurafred/application_mobile/play/framework/lib/commons-javaflow-1066591.jar
6d6a8000-6d6da000 r--s 002c7000 00:15 4989952    /home/himurafred/application_mobile/play/framework/lib/hibernate-core-3.6.1.Final.jar
6d6da000-6d72e000 r--s 00520000 00:15 4989946    /home/himurafred/application_mobile/play/framework/lib/groovy-all-1.7.10.jar
6d72e000-6d72f000 ---p 00000000 00:00 0 
6d72f000-6d7af000 rw-p 00000000 00:00 0 
6d7af000-6d7b2000 ---p 00000000 00:00 0 
6d7b2000-6d800000 rw-p 00000000 00:00 0 
6d800000-6d8fc000 rw-p 00000000 00:00 0 
6d8fc000-6d900000 ---p 00000000 00:00 0 
6d900000-6d903000 r--s 00031000 08:05 663777     /usr/lib/jvm/java-6-openjdk/jre/lib/ext/sunjce_provider.jar
6d903000-6d905000 r--s 00013000 08:05 658686     /usr/lib/jvm/java-6-openjdk/jre/lib/jce.jar
6d905000-6d90c000 r--s 00049000 00:15 4989978    /home/himurafred/application_mobile/play/framework/lib/oval-1.50.jar
6d90c000-6d90e000 r--s 0000d000 00:15 4989937    /home/himurafred/application_mobile/play/framework/lib/commons-fileupload-1.2.2.jar
6d90e000-6d911000 r--s 00024000 00:15 4989938    /home/himurafred/application_mobile/play/framework/lib/commons-io-2.0.1.jar
6d911000-6d914000 r--s 00022000 00:15 4989958    /home/himurafred/application_mobile/play/framework/lib/jamon-2.7.jar
6d914000-6d915000 r--s 00002000 00:15 4989982    /home/himurafred/application_mobile/play/framework/lib/slf4j-log4j12-1.6.1.jar
6d915000-6d917000 r--s 0000b000 00:15 4989964    /home/himurafred/application_mobile/play/framework/lib/jj-textile.jar
6d917000-6d91a000 r--s 0000f000 00:15 4989945    /home/himurafred/application_mobile/play/framework/lib/geronimo-servlet_2.5_spec-1.2.jar
6d91a000-6d91b000 r--s 00000000 00:15 5636713    /home/himurafred/application_mobile/play/modules/securesocial-0.2.2/lib/play-securesocial.jar
6d91b000-6d91c000 r--s 00001000 00:15 5510893    /home/himurafred/application_mobile/play/modules/db-1.1.1/lib/play-db.jar
6d91c000-6d922000 r--s 0004c000 00:15 5510892    /home/himurafred/application_mobile/play/modules/db-1.1.1/lib/hibernate-tools.jar
6d922000-6d930000 r--s 000b6000 00:15 5510891    /home/himurafred/application_mobile/play/modules/db-1.1.1/lib/freemarker.jar
6d930000-6d93b000 r--s 0005f000 00:15 5636796    /home/himurafred/application_mobile/play/modules/cloudbees-0.2.2/lib/xstream-1.3.1.jar
6d93b000-6d93d000 r--s 00005000 00:15 5636795    /home/himurafred/application_mobile/play/modules/cloudbees-0.2.2/lib/xpp3_min-1.1.4c.jar
6d93d000-6d93f000 r--s 0000c000 00:15 5636792    /home/himurafred/application_mobile/play/modules/cloudbees-0.2.2/lib/cloudbees-api-client-1.0.0-SNAPSHOT.jar
6d93f000-6d940000 r--s 00000000 00:15 5636794    /home/himurafred/application_mobile/play/modules/cloudbees-0.2.2/lib/play-cloudbees.jar
6d940000-6d946000 r--s 00045000 00:15 5636793    /home/himurafred/application_mobile/play/modules/cloudbees-0.2.2/lib/commons-httpclient-3.1.jar
6d946000-6d949000 r--s 00032000 00:15 5639065    /home/himurafred/application_mobile/play/modules/cobertura-2.4/lib/cobertura-main.jar
6d949000-6d94b000 r--s 0000e000 00:15 5639067    /home/himurafred/application_mobile/play/modules/cobertura-2.4/lib/jakarta-oro-2.0.8.jar
6d94b000-6d94d000 r--s 00009000 00:15 5639068    /home/himurafred/application_mobile/play/modules/cobertura-2.4/lib/asm-3.0.jar
6d94d000-6d94f000 r--s 00004000 00:15 5639064    /home/himurafred/application_mobile/play/modules/cobertura-2.4/lib/asm-tree-3.0.jar
6d94f000-6d952000 ---p 00000000 00:00 0 
6d952000-6d9d0000 rw-p 00000000 00:00 0 
6d9d0000-6d9d3000 ---p 00000000 00:00 0 
6d9d3000-6da51000 rw-p 00000000 00:00 0 
6da51000-6da54000 ---p 00000000 00:00 0 
6da54000-6daa2000 rw-p 00000000 00:00 0 
6daa2000-6daa5000 ---p 00000000 00:00 0 
6daa5000-6daf3000 rw-p 00000000 00:00 0 
6daf3000-6daf7000 r-xp 00000000 08:05 663826     /usr/lib/jvm/java-6-openjdk/jre/lib/i386/libdt_socket.so
6daf7000-6daf8000 r--p 00003000 08:05 663826     /usr/lib/jvm/java-6-openjdk/jre/lib/i386/libdt_socket.so
6daf8000-6daf9000 rw-p 00004000 08:05 663826     /usr/lib/jvm/java-6-openjdk/jre/lib/i386/libdt_socket.so
6daf9000-6db05000 r--s 000c2000 00:15 4989341    /home/himurafred/application_mobile/play/framework/play-1.2.4.jar
6db05000-6db08000 ---p 00000000 00:00 0 
6db08000-6db56000 rw-p 00000000 00:00 0 
6db56000-6db59000 ---p 00000000 00:00 0 
6db59000-6dba7000 rw-p 00000000 00:00 0 
6dba7000-6dbaa000 ---p 00000000 00:00 0 
6dbaa000-6dbf8000 rw-p 00000000 00:00 0 
6dbf8000-6dbf9000 ---p 00000000 00:00 0 
6dbf9000-6dcac000 rw-p 00000000 00:00 0 
6dcac000-6de3d000 r--s 037b8000 08:05 663832     /usr/lib/jvm/java-6-openjdk/jre/lib/rt.jar
6de3d000-6de3e000 ---p 00000000 00:00 0 
6de3e000-6debe000 rw-p 00000000 00:00 0 
6debe000-6debf000 ---p 00000000 00:00 0 
6debf000-6df3f000 rw-p 00000000 00:00 0 
6df3f000-6df40000 ---p 00000000 00:00 0 
6df40000-6dfc0000 rw-p 00000000 00:00 0 
6dfc0000-6dfc1000 ---p 00000000 00:00 0 
6dfc1000-6e04e000 rw-p 00000000 00:00 0 
6e04e000-6e081000 rw-p 00000000 00:00 0 
6e081000-6e096000 rw-p 00000000 00:00 0 
6e096000-6e1c7000 rw-p 00000000 00:00 0 
6e1c7000-6e1d4000 rw-p 00000000 00:00 0 
6e1d4000-6e207000 rw-p 00000000 00:00 0 
6e207000-6e21c000 rw-p 00000000 00:00 0 
6e21c000-6e34c000 rw-p 00000000 00:00 0 
6e34c000-6e356000 rw-p 00000000 00:00 0 
6e356000-6e360000 ---p 00000000 00:00 0 
6e360000-6e3ef000 rw-p 00000000 00:00 0 
6e3ef000-6fd50000 rw-p 00000000 00:00 0 
6fd50000-763f0000 rw-p 00000000 00:00 0 
763f0000-78c90000 rw-p 00000000 00:00 0 
78c90000-9eea0000 rw-p 00000000 00:00 0 
9eea0000-a00e0000 rw-p 00000000 00:00 0 
a00e0000-a1500000 ---p 00000000 00:00 0 
a1500000-b33f0000 rw-p 00000000 00:00 0 
b33f0000-b33f2000 r--s 0000f000 08:05 663784     /usr/lib/jvm/java-6-openjdk/jre/lib/ext/pulse-java.jar
b33f2000-b33fa000 r--s 00066000 08:05 1183775    /usr/share/java/gnome-java-bridge.jar
b33fa000-b3408000 rw-p 00000000 00:00 0 
b3408000-b34ba000 rw-p 00000000 00:00 0 
b34ba000-b3822000 rwxp 00000000 00:00 0 
b3822000-b64ba000 rw-p 00000000 00:00 0 
b64ba000-b64c5000 r-xp 00000000 08:05 921638     /lib/i386-linux-gnu/libnss_files-2.13.so
b64c5000-b64c6000 r--p 0000a000 08:05 921638     /lib/i386-linux-gnu/libnss_files-2.13.so
b64c6000-b64c7000 rw-p 0000b000 08:05 921638     /lib/i386-linux-gnu/libnss_files-2.13.so
b64c7000-b64d1000 r-xp 00000000 08:05 921646     /lib/i386-linux-gnu/libnss_nis-2.13.so
b64d1000-b64d2000 r--p 00009000 08:05 921646     /lib/i386-linux-gnu/libnss_nis-2.13.so
b64d2000-b64d3000 rw-p 0000a000 08:05 921646     /lib/i386-linux-gnu/libnss_nis-2.13.so
b64d3000-b64e8000 r-xp 00000000 08:05 921632     /lib/i386-linux-gnu/libnsl-2.13.so
b64e8000-b64e9000 r--p 00015000 08:05 921632     /lib/i386-linux-gnu/libnsl-2.13.so
b64e9000-b64ea000 rw-p 00016000 08:05 921632     /lib/i386-linux-gnu/libnsl-2.13.so
b64ea000-b64ec000 rw-p 00000000 00:00 0 
b64ec000-b64f4000 r-xp 00000000 08:05 921634     /lib/i386-linux-gnu/libnss_compat-2.13.so
b64f4000-b64f5000 r--p 00007000 08:05 921634     /lib/i386-linux-gnu/libnss_compat-2.13.so
b64f5000-b64f6000 rw-p 00008000 08:05 921634     /lib/i386-linux-gnu/libnss_compat-2.13.so
b64f6000-b64f7000 r--s 00001000 00:15 5639066    /home/himurafred/application_mobile/play/modules/cobertura-2.4/lib/play-cobertura.jar
b64f7000-b64f8000 rw-p 00000000 00:00 0 
b64f8000-b64fb000 r--s 0007d000 08:05 658627     /usr/lib/jvm/java-6-openjdk/jre/lib/jsse.jar
b64fb000-b6502000 r-xp 00000000 08:05 663794     /usr/lib/jvm/java-6-openjdk/jre/lib/i386/libzip.so
b6502000-b6503000 r--p 00006000 08:05 663794     /usr/lib/jvm/java-6-openjdk/jre/lib/i386/libzip.so
b6503000-b6504000 rw-p 00007000 08:05 663794     /usr/lib/jvm/java-6-openjdk/jre/lib/i386/libzip.so
b6504000-b650c000 rw-s 00000000 08:05 666893     /tmp/hsperfdata_himurafred/23294
b650c000-b667c000 r--p 002a9000 08:05 656226     /usr/lib/locale/locale-archive
b667c000-b687c000 r--p 00000000 08:05 656226     /usr/lib/locale/locale-archive
b687c000-b6886000 r-xp 00000000 08:05 663825     /usr/lib/jvm/java-6-openjdk/jre/lib/i386/libinstrument.so
b6886000-b6887000 r--p 00009000 08:05 663825     /usr/lib/jvm/java-6-openjdk/jre/lib/i386/libinstrument.so
b6887000-b6888000 rw-p 0000a000 08:05 663825     /usr/lib/jvm/java-6-openjdk/jre/lib/i386/libinstrument.so
b6888000-b68c6000 r-xp 00000000 08:05 663827     /usr/lib/jvm/java-6-openjdk/jre/lib/i386/libjdwp.so
b68c6000-b68c7000 r--p 0003d000 08:05 663827     /usr/lib/jvm/java-6-openjdk/jre/lib/i386/libjdwp.so
b68c7000-b68c8000 rw-p 0003e000 08:05 663827     /usr/lib/jvm/java-6-openjdk/jre/lib/i386/libjdwp.so
b68c8000-b68ee000 r-xp 00000000 08:05 661007     /usr/lib/jvm/java-6-openjdk/jre/lib/i386/libjava.so
b68ee000-b68ef000 r--p 00025000 08:05 661007     /usr/lib/jvm/java-6-openjdk/jre/lib/i386/libjava.so
b68ef000-b68f1000 rw-p 00026000 08:05 661007     /usr/lib/jvm/java-6-openjdk/jre/lib/i386/libjava.so
b68f1000-b68f8000 r-xp 00000000 08:05 921651     /lib/i386-linux-gnu/librt-2.13.so
b68f8000-b68f9000 r--p 00006000 08:05 921651     /lib/i386-linux-gnu/librt-2.13.so
b68f9000-b68fa000 rw-p 00007000 08:05 921651     /lib/i386-linux-gnu/librt-2.13.so
b68fa000-b68fd000 ---p 00000000 00:00 0 
b68fd000-b694b000 rw-p 00000000 00:00 0 
b694b000-b6967000 r-xp 00000000 08:05 918294     /lib/i386-linux-gnu/libgcc_s.so.1
b6967000-b6968000 r--p 0001b000 08:05 918294     /lib/i386-linux-gnu/libgcc_s.so.1
b6968000-b6969000 rw-p 0001c000 08:05 918294     /lib/i386-linux-gnu/libgcc_s.so.1
b6969000-b6991000 r-xp 00000000 08:05 921624     /lib/i386-linux-gnu/libm-2.13.so
b6991000-b6992000 r--p 00028000 08:05 921624     /lib/i386-linux-gnu/libm-2.13.so
b6992000-b6993000 rw-p 00029000 08:05 921624     /lib/i386-linux-gnu/libm-2.13.so
b6993000-b6a71000 r-xp 00000000 08:05 655806     /usr/lib/i386-linux-gnu/libstdc++.so.6.0.16
b6a71000-b6a72000 ---p 000de000 08:05 655806     /usr/lib/i386-linux-gnu/libstdc++.so.6.0.16
b6a72000-b6a76000 r--p 000de000 08:05 655806     /usr/lib/i386-linux-gnu/libstdc++.so.6.0.16
b6a76000-b6a77000 rw-p 000e2000 08:05 655806     /usr/lib/i386-linux-gnu/libstdc++.so.6.0.16
b6a77000-b6a7e000 rw-p 00000000 00:00 0 
b6a7e000-b729c000 r-xp 00000000 08:05 663813     /usr/lib/jvm/java-6-openjdk/jre/lib/i386/server/libjvm.so
b729c000-b72e1000 r--p 0081e000 08:05 663813     /usr/lib/jvm/java-6-openjdk/jre/lib/i386/server/libjvm.so
b72e1000-b72f0000 rw-p 00863000 08:05 663813     /usr/lib/jvm/java-6-openjdk/jre/lib/i386/server/libjvm.so
b72f0000-b770c000 rw-p 00000000 00:00 0 
b770c000-b771f000 r-xp 00000000 08:05 921548     /lib/i386-linux-gnu/libz.so.1.2.3.4
b771f000-b7720000 r--p 00012000 08:05 921548     /lib/i386-linux-gnu/libz.so.1.2.3.4
b7720000-b7721000 rw-p 00013000 08:05 921548     /lib/i386-linux-gnu/libz.so.1.2.3.4
b7721000-b7897000 r-xp 00000000 08:05 921616     /lib/i386-linux-gnu/libc-2.13.so
b7897000-b7899000 r--p 00176000 08:05 921616     /lib/i386-linux-gnu/libc-2.13.so
b7899000-b789a000 rw-p 00178000 08:05 921616     /lib/i386-linux-gnu/libc-2.13.so
b789a000-b789d000 rw-p 00000000 00:00 0 
b789d000-b78a0000 r-xp 00000000 08:05 921623     /lib/i386-linux-gnu/libdl-2.13.so
b78a0000-b78a1000 r--p 00002000 08:05 921623     /lib/i386-linux-gnu/libdl-2.13.so
b78a1000-b78a2000 rw-p 00003000 08:05 921623     /lib/i386-linux-gnu/libdl-2.13.so
b78a2000-b78a6000 r-xp 00000000 08:05 663797     /usr/lib/jvm/java-6-openjdk/jre/lib/i386/jli/libjli.so
b78a6000-b78a7000 r--p 00003000 08:05 663797     /usr/lib/jvm/java-6-openjdk/jre/lib/i386/jli/libjli.so
b78a7000-b78a8000 rw-p 00004000 08:05 663797     /usr/lib/jvm/java-6-openjdk/jre/lib/i386/jli/libjli.so
b78a8000-b78a9000 rw-p 00000000 00:00 0 
b78a9000-b78c0000 r-xp 00000000 08:05 921649     /lib/i386-linux-gnu/libpthread-2.13.so
b78c0000-b78c1000 r--p 00016000 08:05 921649     /lib/i386-linux-gnu/libpthread-2.13.so
b78c1000-b78c2000 rw-p 00017000 08:05 921649     /lib/i386-linux-gnu/libpthread-2.13.so
b78c2000-b78c4000 rw-p 00000000 00:00 0 
b78c4000-b78c5000 r--p 002a7000 08:05 656226     /usr/lib/locale/locale-archive
b78c5000-b78c8000 r-xp 00000000 08:05 661006     /usr/lib/jvm/java-6-openjdk/jre/lib/i386/libnpt.so
b78c8000-b78c9000 r--p 00002000 08:05 661006     /usr/lib/jvm/java-6-openjdk/jre/lib/i386/libnpt.so
b78c9000-b78ca000 rw-p 00003000 08:05 661006     /usr/lib/jvm/java-6-openjdk/jre/lib/i386/libnpt.so
b78ca000-b78cb000 rw-p 00000000 00:00 0 
b78cb000-b78cc000 r--p 00000000 00:00 0 
b78cc000-b78d7000 r-xp 00000000 08:05 663821     /usr/lib/jvm/java-6-openjdk/jre/lib/i386/libverify.so
b78d7000-b78d8000 ---p 0000b000 08:05 663821     /usr/lib/jvm/java-6-openjdk/jre/lib/i386/libverify.so
b78d8000-b78d9000 r--p 0000b000 08:05 663821     /usr/lib/jvm/java-6-openjdk/jre/lib/i386/libverify.so
b78d9000-b78da000 rw-p 0000c000 08:05 663821     /usr/lib/jvm/java-6-openjdk/jre/lib/i386/libverify.so
b78da000-b78dc000 rw-p 00000000 00:00 0 
b78dc000-b78dd000 r-xp 00000000 00:00 0          [vdso]
b78dd000-b78fb000 r-xp 00000000 08:05 918373     /lib/i386-linux-gnu/ld-2.13.so
b78fb000-b78fc000 r--p 0001d000 08:05 918373     /lib/i386-linux-gnu/ld-2.13.so
b78fc000-b78fd000 rw-p 0001e000 08:05 918373     /lib/i386-linux-gnu/ld-2.13.so
bfb24000-bfb47000 rw-p 00000000 00:00 0          [stack]

VM Arguments:
jvm_args: -Xdebug -Xrunjdwp:transport=dt_socket,address=8000,server=y,suspend=n -Dplay.debug=yes -Dplay.id= -Dapplication.path=/home/himurafred/application_mobile/play/fixuTeamAdmin -Djava.endorsed.dirs=/home/himurafred/application_mobile/play/framework/endorsed -javaagent:/home/himurafred/application_mobile/play/framework/play-1.2.4.jar -Dfile.encoding=UTF-8 
java_command: play.server.Server
Launcher Type: SUN_STANDARD

Environment Variables:
PATH=/usr/lib/lightdm/lightdm:/home/himurafred/application_mobile/play;/home/himurafred/application_mobile/appengine-java-sdk-1.6.1/bin;/usr/local/sbin:/usr/local/bin:/usr/sbin:/usr/bin:/sbin:/bin:/usr/games;
USERNAME=himurafred
LD_LIBRARY_PATH=/usr/lib/jvm/java-6-openjdk/jre/lib/i386/server:/usr/lib/jvm/java-6-openjdk/jre/lib/i386:/usr/lib/jvm/java-6-openjdk/jre/../lib/i386:/usr/lib/jvm/java-6-openjdk/jre/lib/i386/client:/usr/lib/jvm/java-6-openjdk/jre/lib/i386:
SHELL=/bin/bash
DISPLAY=:0

Signal Handlers:
SIGSEGV: [libjvm.so+0x66a530], sa_mask[0]=0x7ffbfeff, sa_flags=0x10000004
SIGBUS: [libjvm.so+0x66a530], sa_mask[0]=0x7ffbfeff, sa_flags=0x10000004
SIGFPE: [libjvm.so+0x52e2c0], sa_mask[0]=0x7ffbfeff, sa_flags=0x10000004
SIGPIPE: SIG_IGN, sa_mask[0]=0x00000000, sa_flags=0x00000000
SIGXFSZ: [libjvm.so+0x52e2c0], sa_mask[0]=0x7ffbfeff, sa_flags=0x10000004
SIGILL: [libjvm.so+0x52e2c0], sa_mask[0]=0x7ffbfeff, sa_flags=0x10000004
SIGUSR1: SIG_DFL, sa_mask[0]=0x00000000, sa_flags=0x00000000
SIGUSR2: [libjvm.so+0x52e150], sa_mask[0]=0x00000004, sa_flags=0x10000004
SIGHUP: [libjvm.so+0x5311f0], sa_mask[0]=0x7ffbfeff, sa_flags=0x10000004
SIGINT: [libjvm.so+0x5311f0], sa_mask[0]=0x7ffbfeff, sa_flags=0x10000004
SIGTERM: [libjvm.so+0x5311f0], sa_mask[0]=0x7ffbfeff, sa_flags=0x10000004
SIGQUIT: [libjvm.so+0x5311f0], sa_mask[0]=0x7ffbfeff, sa_flags=0x10000004


---------------  S Y S T E M  ---------------

OS:Ubuntu 11.10 (oneiric)
uname:Linux 3.0.0-12-generic-pae #20-Ubuntu SMP Fri Oct 7 16:37:17 UTC 2011 i686
libc:glibc 2.13 NPTL 2.13 
rlimit: STACK 8192k, CORE 0k, NPROC 31019, NOFILE 4096, AS infinity
load average:0,08 0,10 0,14

/proc/meminfo:
MemTotal:        3989784 kB
MemFree:          382912 kB
Buffers:          138640 kB
Cached:          1730184 kB
SwapCached:         6228 kB
Active:          2175696 kB
Inactive:         986440 kB
Active(anon):    1032668 kB
Inactive(anon):   263780 kB
Active(file):    1143028 kB
Inactive(file):   722660 kB
Unevictable:          80 kB
Mlocked:              80 kB
HighTotal:       3141000 kB
HighFree:          41248 kB
LowTotal:         848784 kB
LowFree:          341664 kB
SwapTotal:       5417980 kB
SwapFree:        5395268 kB
Dirty:               160 kB
Writeback:             0 kB
AnonPages:       1288880 kB
Mapped:           232732 kB
Shmem:              3064 kB
Slab:             126316 kB
SReclaimable:      92832 kB
SUnreclaim:        33484 kB
KernelStack:        4176 kB
PageTables:        11576 kB
NFS_Unstable:          0 kB
Bounce:                0 kB
WritebackTmp:          0 kB
CommitLimit:     7412872 kB
Committed_AS:    4234604 kB
VmallocTotal:     122880 kB
VmallocUsed:       46252 kB
VmallocChunk:      73864 kB
HardwareCorrupted:     0 kB
AnonHugePages:         0 kB
HugePages_Total:       0
HugePages_Free:        0
HugePages_Rsvd:        0
HugePages_Surp:        0
Hugepagesize:       2048 kB
DirectMap4k:       10232 kB
DirectMap2M:      903168 kB


CPU:total 4 (2 cores per cpu, 2 threads per core) family 6 model 37 stepping 5, cmov, cx8, fxsr, mmx, sse, sse2, sse3, ssse3, sse4.1, sse4.2, popcnt, ht

Memory: 4k page, physical 3989784k(382912k free), swap 5417980k(5395268k free)

vm_info: OpenJDK Server VM (20.0-b11) for linux-x86 JRE (1.6.0_23-b23), built on Oct 22 2011 01:02:34 by "buildd" with gcc 4.6.1

time: Mon Jan 23 23:09:37 2012
elapsed time: 4444 seconds

